TN:
SF:src/modules/appointments/services/CreateAppointmentService.ts
FN:16,(anonymous_18)
FN:18,CreateAppointmentService
FN:23,(anonymous_20)
FNF:3
FNH:3
FNDA:1,(anonymous_18)
FNDA:2,CreateAppointmentService
FNDA:3,(anonymous_20)
DA:1,1
DA:2,1
DA:7,1
DA:16,1
DA:20,2
DA:23,3
DA:26,3
DA:28,3
DA:30,3
DA:32,2
DA:37,2
DA:39,1
DA:41,1
LF:13
LH:13
BRDA:30,0,0,1
BRDA:30,0,1,2
BRF:2
BRH:2
end_of_record
TN:
SF:src/modules/users/services/CreateSessionService.ts
FN:17,(anonymous_18)
FN:19,CreateSessionService
FN:25,(anonymous_20)
FNF:3
FNH:3
FNDA:1,(anonymous_18)
FNDA:3,CreateSessionService
FNDA:3,(anonymous_20)
DA:1,1
DA:2,1
DA:4,1
DA:9,1
DA:17,1
DA:21,3
DA:23,3
DA:25,3
DA:27,3
DA:29,3
DA:30,1
DA:33,2
DA:35,2
DA:37,1
DA:39,1
DA:46,1
DA:48,1
DA:50,1
LF:18
LH:18
BRDA:27,0,0,3
BRDA:29,1,0,1
BRDA:29,1,1,2
BRDA:35,2,0,1
BRDA:35,2,1,1
BRF:5
BRH:5
end_of_record
TN:
SF:src/modules/users/services/CreateUserService.ts
FN:16,(anonymous_18)
FN:18,CreateUserService
FN:24,(anonymous_20)
FNF:3
FNH:3
FNDA:2,(anonymous_18)
FNDA:4,CreateUserService
FNDA:5,(anonymous_20)
DA:1,2
DA:4,2
DA:16,2
DA:20,4
DA:22,4
DA:24,5
DA:26,5
DA:28,5
DA:30,4
DA:32,4
DA:38,4
DA:41,2
DA:43,2
LF:13
LH:13
BRDA:26,0,0,5
BRDA:28,1,0,1
BRDA:28,1,1,4
BRF:3
BRH:3
end_of_record
TN:
SF:src/modules/users/services/SendForgotPasswordEmailService.ts
FN:13,(anonymous_17)
FN:15,SendForgotPasswordEmailService
FN:21,(anonymous_19)
FNF:3
FNH:3
FNDA:1,(anonymous_17)
FNDA:1,SendForgotPasswordEmailService
FNDA:1,(anonymous_19)
DA:1,1
DA:13,1
DA:17,1
DA:19,1
DA:21,1
DA:22,1
DA:25,1
DA:27,1
LF:8
LH:8
BRF:0
BRH:0
end_of_record
TN:
SF:src/modules/users/services/UpdateUserAvatarService.ts
FN:16,(anonymous_18)
FN:18,UpdateUserAvatarService
FN:25,(anonymous_20)
FNF:3
FNH:3
FNDA:1,(anonymous_18)
FNDA:3,UpdateUserAvatarService
FNDA:4,(anonymous_20)
DA:5,1
DA:8,1
DA:16,1
DA:20,3
DA:23,3
DA:25,4
DA:27,4
DA:29,4
DA:31,5
DA:32,2
DA:35,3
DA:38,3
DA:40,6
DA:42,3
DA:44,1
DA:46,1
LF:16
LH:16
BRDA:27,0,0,4
BRDA:27,0,1,3
BRDA:29,1,0,1
BRDA:29,1,1,3
BRDA:31,2,0,2
BRDA:31,2,1,1
BRF:6
BRH:6
end_of_record
