TN:
SF:src/modules/appointments/services/CreateAppointmentService.ts
FN:17,(anonymous_18)
FN:19,CreateAppointmentService
FN:24,(anonymous_20)
FNF:3
FNH:3
FNDA:1,(anonymous_18)
FNDA:2,CreateAppointmentService
FNDA:3,(anonymous_20)
DA:1,1
DA:2,1
DA:7,1
DA:17,1
DA:21,2
DA:24,3
DA:27,3
DA:29,3
DA:31,3
DA:33,2
DA:39,2
DA:41,1
DA:43,1
LF:13
LH:13
BRDA:31,0,0,1
BRDA:31,0,1,2
BRF:2
BRH:2
end_of_record
TN:
SF:src/modules/appointments/services/ListProviderDayAvailability.ts
FN:20,(anonymous_17)
FN:22,ListProviderDayAvailabilityService
FN:27,(anonymous_19)
FN:39,(anonymous_22)
FN:43,(anonymous_23)
FN:44,(anonymous_24)
FNF:6
FNH:0
FNDA:0,(anonymous_17)
FNDA:0,ListProviderDayAvailabilityService
FNDA:0,(anonymous_19)
FNDA:0,(anonymous_22)
FNDA:0,(anonymous_23)
FNDA:0,(anonymous_24)
DA:2,0
DA:5,0
DA:20,0
DA:24,0
DA:27,0
DA:28,0
DA:35,0
DA:37,0
DA:39,0
DA:41,0
DA:43,0
DA:44,0
DA:45,0
DA:48,0
DA:50,0
DA:56,0
DA:58,0
DA:60,0
LF:18
LH:0
BRDA:28,0,0,0
BRDA:52,1,0,0
BRDA:52,1,1,0
BRF:3
BRH:0
end_of_record
TN:
SF:src/modules/appointments/services/ListProviderMonthAvailabilityService.ts
FN:20,(anonymous_17)
FN:22,ListProviderMonthAvailabilityService
FN:27,(anonymous_19)
FN:40,(anonymous_22)
FN:43,(anonymous_23)
FN:44,(anonymous_24)
FNF:6
FNH:0
FNDA:0,(anonymous_17)
FNDA:0,ListProviderMonthAvailabilityService
FNDA:0,(anonymous_19)
FNDA:0,(anonymous_22)
FNDA:0,(anonymous_23)
FNDA:0,(anonymous_24)
DA:2,0
DA:6,0
DA:20,0
DA:24,0
DA:27,0
DA:28,0
DA:34,0
DA:36,0
DA:38,0
DA:40,0
DA:43,0
DA:44,0
DA:45,0
DA:48,0
DA:54,0
DA:56,0
DA:58,0
LF:17
LH:0
BRDA:28,0,0,0
BRF:1
BRH:0
end_of_record
TN:
SF:src/modules/appointments/services/ListProvidersService.ts
FN:12,(anonymous_17)
FN:14,ListProvidersService
FN:18,(anonymous_19)
FNF:3
FNH:0
FNDA:0,(anonymous_17)
FNDA:0,ListProvidersService
FNDA:0,(anonymous_19)
DA:2,0
DA:12,0
DA:16,0
DA:18,0
DA:19,0
DA:21,0
DA:23,0
DA:25,0
LF:8
LH:0
BRDA:19,0,0,0
BRF:1
BRH:0
end_of_record
TN:
SF:src/modules/users/services/CreateSessionService.ts
FN:17,(anonymous_18)
FN:19,CreateSessionService
FN:25,(anonymous_20)
FNF:3
FNH:0
FNDA:0,(anonymous_18)
FNDA:0,CreateSessionService
FNDA:0,(anonymous_20)
DA:1,0
DA:2,0
DA:4,0
DA:9,0
DA:17,0
DA:21,0
DA:23,0
DA:25,0
DA:27,0
DA:29,0
DA:30,0
DA:33,0
DA:35,0
DA:37,0
DA:39,0
DA:46,0
DA:48,0
DA:50,0
LF:18
LH:0
BRDA:27,0,0,0
BRDA:29,1,0,0
BRDA:29,1,1,0
BRDA:35,2,0,0
BRDA:35,2,1,0
BRF:5
BRH:0
end_of_record
TN:
SF:src/modules/users/services/CreateUserService.ts
FN:16,(anonymous_18)
FN:18,CreateUserService
FN:24,(anonymous_20)
FNF:3
FNH:0
FNDA:0,(anonymous_18)
FNDA:0,CreateUserService
FNDA:0,(anonymous_20)
DA:1,0
DA:4,0
DA:16,0
DA:20,0
DA:22,0
DA:24,0
DA:26,0
DA:28,0
DA:30,0
DA:32,0
DA:38,0
DA:41,0
DA:43,0
LF:13
LH:0
BRDA:26,0,0,0
BRDA:28,1,0,0
BRDA:28,1,1,0
BRF:3
BRH:0
end_of_record
TN:
SF:src/modules/users/services/ResetPasswordService.ts
FN:16,(anonymous_18)
FN:18,ResetPasswordService
FN:26,(anonymous_20)
FNF:3
FNH:0
FNDA:0,(anonymous_18)
FNDA:0,ResetPasswordService
FNDA:0,(anonymous_20)
DA:1,0
DA:2,0
DA:5,0
DA:16,0
DA:20,0
DA:22,0
DA:24,0
DA:26,0
DA:27,0
DA:29,0
DA:31,0
DA:33,0
DA:35,0
DA:36,0
DA:38,0
DA:39,0
DA:42,0
DA:44,0
DA:47,0
DA:49,0
LF:20
LH:0
BRDA:27,0,0,0
BRDA:29,1,0,0
BRDA:29,1,1,0
BRDA:33,2,0,0
BRDA:33,2,1,0
BRDA:38,3,0,0
BRDA:38,3,1,0
BRF:7
BRH:0
end_of_record
TN:
SF:src/modules/users/services/SendForgotPasswordEmailService.ts
FN:14,(anonymous_18)
FN:16,SendForgotPasswordEmailService
FN:24,(anonymous_20)
FNF:3
FNH:0
FNDA:0,(anonymous_18)
FNDA:0,SendForgotPasswordEmailService
FNDA:0,(anonymous_20)
DA:1,0
DA:2,0
DA:4,0
DA:14,0
DA:18,0
DA:20,0
DA:22,0
DA:24,0
DA:26,0
DA:28,0
DA:30,0
DA:32,0
DA:34,0
DA:51,0
DA:53,0
LF:15
LH:0
BRDA:26,0,0,0
BRDA:28,1,0,0
BRDA:28,1,1,0
BRF:3
BRH:0
end_of_record
TN:
SF:src/modules/users/services/ShowProfileService.ts
FN:13,(anonymous_18)
FN:15,ShowProfileService
FN:19,(anonymous_20)
FNF:3
FNH:0
FNDA:0,(anonymous_18)
FNDA:0,ShowProfileService
FNDA:0,(anonymous_20)
DA:2,0
DA:4,0
DA:13,0
DA:17,0
DA:19,0
DA:20,0
DA:22,0
DA:24,0
DA:26,0
DA:28,0
LF:10
LH:0
BRDA:20,0,0,0
BRDA:22,1,0,0
BRDA:22,1,1,0
BRF:3
BRH:0
end_of_record
TN:
SF:src/modules/users/services/UpdateUserAvatarService.ts
FN:16,(anonymous_18)
FN:18,UpdateUserAvatarService
FN:25,(anonymous_20)
FNF:3
FNH:0
FNDA:0,(anonymous_18)
FNDA:0,UpdateUserAvatarService
FNDA:0,(anonymous_20)
DA:5,0
DA:8,0
DA:16,0
DA:20,0
DA:23,0
DA:25,0
DA:27,0
DA:29,0
DA:31,0
DA:32,0
DA:35,0
DA:38,0
DA:40,0
DA:42,0
DA:44,0
DA:46,0
LF:16
LH:0
BRDA:27,0,0,0
BRDA:27,0,1,0
BRDA:29,1,0,0
BRDA:29,1,1,0
BRDA:31,2,0,0
BRDA:31,2,1,0
BRF:6
BRH:0
end_of_record
TN:
SF:src/modules/users/services/UpdateUserProfileService.ts
FN:17,(anonymous_18)
FN:19,UpdateUserProfileService
FN:29,(anonymous_20)
FNF:3
FNH:0
FNDA:0,(anonymous_18)
FNDA:0,UpdateUserProfileService
FNDA:0,(anonymous_20)
DA:1,0
DA:4,0
DA:17,0
DA:21,0
DA:24,0
DA:27,0
DA:29,0
DA:30,0
DA:31,0
DA:33,0
DA:35,0
DA:37,0
DA:39,0
DA:40,0
DA:42,0
DA:43,0
DA:46,0
DA:48,0
DA:50,0
DA:52,0
DA:53,0
DA:57,0
DA:59,0
DA:61,0
DA:63,0
LF:25
LH:0
BRDA:30,0,0,0
BRDA:30,0,1,0
BRDA:31,1,0,0
BRDA:31,1,1,0
BRDA:35,2,0,0
BRDA:35,2,1,0
BRDA:35,3,0,0
BRDA:35,3,1,0
BRDA:37,4,0,0
BRDA:37,4,1,0
BRDA:37,5,0,0
BRDA:37,5,1,0
BRDA:42,6,0,0
BRDA:42,6,1,0
BRDA:42,7,0,0
BRDA:42,7,1,0
BRDA:46,8,0,0
BRDA:46,8,1,0
BRDA:46,9,0,0
BRDA:46,9,1,0
BRDA:50,10,0,0
BRDA:50,10,1,0
BRF:22
BRH:0
end_of_record
